<?xml version="1.0" encoding="UTF-8"?>
<!-- Generated by org.testng.reporters.JUnitReportReporter -->
<testsuite skipped="0" hostname="FIR000161780004" name="com.mckinsey.pips_ui.Practisetest" tests="1" failures="0" timestamp="26 Nov 2019 01:50:50 GMT" time="8.911" errors="0">
  <testcase name="setUp" time="8.911" classname="com.mckinsey.pips_ui.Practisetest"/>
</testsuite> <!-- com.mckinsey.pips_ui.Practisetest -->
