<?xml version="1.0" encoding="UTF-8"?>
<!-- Generated by org.testng.reporters.JUnitReportReporter -->
<testsuite skipped="0" hostname="FIR000161780004" name="com.mckinsey.pips_ui.SubmitBtn_Test" tests="6" failures="0" timestamp="26 Nov 2019 12:32:48 GMT" time="39.939" errors="0">
  <testcase name="verifySubmitBtnEnable_Test" time="7.251" classname="com.mckinsey.pips_ui.SubmitBtn_Test"/>
  <testcase name="enterSearchData" time="0.291" classname="com.mckinsey.pips_ui.SubmitBtn_Test"/>
  <testcase name="submitButtonDisable_Test" time="3.076" classname="com.mckinsey.pips_ui.SubmitBtn_Test"/>
  <testcase name="submitBtnEnableTickerSymbol_Test" time="13.142" classname="com.mckinsey.pips_ui.SubmitBtn_Test"/>
  <testcase name="submitBtnDisableTickerSymbol_Test" time="6.053" classname="com.mckinsey.pips_ui.SubmitBtn_Test"/>
  <testcase name="SubmitBtnDisableComments" time="10.126" classname="com.mckinsey.pips_ui.SubmitBtn_Test"/>
</testsuite> <!-- com.mckinsey.pips_ui.SubmitBtn_Test -->
